Arguments: 
  C:\Program Files\nodejs\node.exe C:\Users\FroWeb\AppData\Roaming\npm\node_modules\yarn\bin\yarn.js

PATH: 
  C:\WINDOWS\system32;C:\WINDOWS;C:\WINDOWS\System32\Wbem;C:\WINDOWS\System32\WindowsPowerShell\v1.0\;C:\WINDOWS\System32\OpenSSH\;C:\Program Files\TortoiseSVN\bin;D:\jdk1.8.0_162\bin;D:\jdk1.8.0_162\jre\bin;D:\Maven\apache-maven-3.1.1\bin;C:\Program Files\nodejs\;C:\Program Files\Git\cmd;C:\Program Files\Git\bin;C:\Program Files (x86)\NetSarang\Xshell 7\;C:\Program Files (x86)\NetSarang\Xftp 7\;C:\Users\FroWeb\AppData\Roaming\npm\node_modules\cnpm\bin\cnpm;C:\Ruby25-x64\bin;C:\Users\FroWeb\AppData\Local\Microsoft\WindowsApps;C:\Users\FroWeb\AppData\Local\Programs\Microsoft VS Code\bin;C:\Users\FroWeb\AppData\Roaming\npm;C:\Program Files\Git\bin;

Yarn version: 
  1.22.17

Node version: 
  14.16.1

Platform: 
  win32 x64

Trace: 
  Error: https://registry.yarnpkg.com/@vicons/fluent/-/fluent-0.11.0.tgz: ESOCKETTIMEDOUT
      at ClientRequest.<anonymous> (C:\Users\FroWeb\AppData\Roaming\npm\node_modules\yarn\lib\cli.js:141510:19)
      at Object.onceWrapper (events.js:421:28)
      at ClientRequest.emit (events.js:315:20)
      at TLSSocket.emitRequestTimeout (_http_client.js:784:9)
      at Object.onceWrapper (events.js:421:28)
      at TLSSocket.emit (events.js:327:22)
      at TLSSocket.Socket._onTimeout (net.js:483:8)
      at listOnTimeout (internal/timers.js:554:17)
      at processTimers (internal/timers.js:497:7)

npm manifest: 
  {
    "name": "naive-ui",
    "version": "2.21.5",
    "description": "A Vue 3 Component Library. Fairly Complete, Customizable Themes, Uses TypeScript, Not Too Slow",
    "main": "lib/index.js",
    "module": "es/index.js",
    "scripts": {
      "start": "pnpm run dev",
      "dev": "pnpm run clean && pnpm run gen-version && cross-env NODE_ENV=development vite",
      "build:package": "pnpm run gen-version && pnpm run clean && tsc -b --force tsconfig.esm.json && node scripts/pre-build/pre-cjs-build.js && tsc -b --force tsconfig.cjs.json && node scripts/post-build && rimraf {es,lib}/*.tsbuildinfo",
      "build:site": "./scripts/pre-build-site/pre-build-site.sh && cross-env NODE_ENV=production NODE_OPTIONS=--max-old-space-size=4096 vite build && ./scripts/post-build-site/post-build-site.sh",
      "clean": "rimraf site lib es node_modules/naive-ui themes/**/es themes/**/lib",
      "release:package": "npm run test && npm run build:package && npm publish",
      "release:site": "cross-env TUSIMPLE=true npm run build:site && node build-doc/generate-deploy-sh.js && sudo bash build-doc/deploy-doc.sh",
      "lint": "npm run lint:code && npm run lint:type",
      "lint:type": "tsc -b --force tsconfig.esm.json",
      "lint:code": "eslint \"{src,build,scripts,demo}/**/*.{ts,tsx,js,vue,md}\"",
      "lint:fix": "eslint --fix \"{src,build,scripts,demo}/**/*.{ts,tsx,js,vue,md}\"",
      "format": "npm run format:code && npm run format:md && npm run lint:fix",
      "format:code": "prettier --write \"(src|demo)/**/*.(vue|js)\"",
      "format:md": "prettier --write --parser markdown --prose-wrap never \"(src|demo)/**/*.md\"",
      "test": "cross-env NODE_ENV=test jest --collectCoverage=false",
      "test:cov": "cross-env NODE_ENV=test NODE_OPTIONS=--unhandled-rejections=warn jest",
      "test:watch": "cross-env NODE_ENV=test jest ---watch --verbose --coverage",
      "gen-version": "node scripts/gen-version",
      "release-changelog": "node scripts/release-changelog",
      "build:site:ts": "./scripts/pre-build-site/pre-build-site.sh && cross-env TUSIMPLE=true NODE_ENV=production NODE_OPTIONS=--max-old-space-size=4096 vite build && ./scripts/post-build-site/post-build-site.sh",
      "prepare": "husky install"
    },
    "author": "07akioni",
    "license": "MIT",
    "files": [
      "es",
      "lib",
      "web-types.json",
      "README.md"
    ],
    "web-types": "./web-types.json",
    "lint-staged": {
      "*.js": [
        "prettier --write",
        "eslint --fix"
      ],
      "*.ts": [
        "prettier --write",
        "eslint --fix"
      ],
      "*.tsx": [
        "prettier --write",
        "eslint --fix"
      ],
      "*.vue": [
        "prettier --parser=vue --write",
        "eslint --fix"
      ],
      "*.css": [
        "prettier --write"
      ],
      "*.md": [
        "prettier --write --parser markdown --prose-wrap never",
        "eslint --fix"
      ]
    },
    "devDependencies": {
      "@babel/eslint-parser": "^7.15.8",
      "@babel/generator": "^7.12.11",
      "@babel/parser": "^7.12.11",
      "@babel/preset-env": "^7.12.10",
      "@babel/traverse": "^7.12.12",
      "@rollup/plugin-babel": "^5.3.0",
      "@types/estree": "^0.0.50",
      "@types/jest": "^27.0.1",
      "@typescript-eslint/eslint-plugin": "^4.15.1",
      "@typescript-eslint/parser": "^4.15.1",
      "@vicons/fluent": "^0.11.0",
      "@vicons/ionicons4": "^0.11.0",
      "@vicons/ionicons5": "^0.11.0",
      "@vitejs/plugin-vue": "^1.2.1",
      "@vue/compiler-sfc": "^3.0.10",
      "@vue/eslint-config-standard": "^6.0.0",
      "@vue/eslint-config-typescript": "^7.0.0",
      "@vue/server-renderer": "^3.2.18",
      "@vue/test-utils": "2.0.0-rc.16",
      "autoprefixer": "^10.2.6",
      "axios": "^0.24.0",
      "babel-jest": "^27.0.2",
      "codesandbox": "^2.2.3",
      "cross-env": "^7.0.3",
      "cssnano": "^5.0.5",
      "eslint": "^7.20.0",
      "eslint-config-prettier": "^8.3.0",
      "eslint-config-standard": "^16.0.2",
      "eslint-config-standard-with-typescript": "^21.0.1",
      "eslint-plugin-import": "^2.22.1",
      "eslint-plugin-markdown": "^2.0.0",
      "eslint-plugin-node": "^11.1.0",
      "eslint-plugin-promise": "^5.1.0",
      "eslint-plugin-vue": "^7.6.0",
      "express": "^4.17.1",
      "fs-extra": "^10.0.0",
      "husky": "^7.0.0",
      "inquirer": "^8.1.0",
      "jest": "^27.0.4",
      "jest-canvas-mock": "^2.3.1",
      "lint-staged": "^11.2.6",
      "marked": "^4.0.4",
      "prettier": "^2.2.1",
      "rimraf": "^3.0.2",
      "superagent": "^6.1.0",
      "ts-jest": "^27.0.7",
      "typescript": "^4.4.2",
      "vite": "^2.1.3",
      "vue": "^3.2.12",
      "vue-router": "^4.0.5"
    },
    "peerDependencies": {
      "vue": "^3.0.0"
    },
    "dependencies": {
      "@css-render/plugin-bem": "^0.15.6",
      "@css-render/vue3-ssr": "^0.15.6",
      "@types/lodash": "^4.14.170",
      "@types/lodash-es": "^4.17.4",
      "async-validator": "^4.0.1",
      "css-render": "^0.15.6",
      "date-fns": "^2.19.0",
      "date-fns-tz": "^1.1.6",
      "evtd": "^0.2.3",
      "highlight.js": "^11.0.1",
      "lodash": "^4.17.21",
      "lodash-es": "^4.17.21",
      "seemly": "^0.3.3",
      "treemate": "^0.3.9",
      "vdirs": "^0.1.4",
      "vfonts": "^0.1.0",
      "vooks": "^0.2.10",
      "vueuc": "^0.4.18"
    },
    "sideEffects": false,
    "homepage": "https://www.naiveui.com",
    "repository": {
      "type": "git",
      "url": "https://github.com/TuSimple/naive-ui"
    },
    "keywords": [
      "naive-ui",
      "component library",
      "ui framework",
      "ui",
      "vue"
    ]
  }

yarn manifest: 
  No manifest

Lockfile: 
  No lockfile
